<?xml version="1.0" encoding="UTF-8"?>
<testsuite xmlns:xsi="http://www.w3.org/2001/XMLSchema-instance" xsi:noNamespaceSchemaLocation="https://maven.apache.org/surefire/maven-surefire-plugin/xsd/surefire-test-report.xsd" name="TestSuite" time="11.693" tests="12" errors="0" skipped="0" failures="4">
  <properties>
[...]
</properties>
  <testcase name="runScenario" classname="com.cucumbertest.runner.RunnerTest" time="3.564"/>
  <testcase name="runScenario" classname="com.cucumbertest.runner.RunnerTest" time="0.206"/>
  <testcase name="runScenario" classname="com.cucumbertest.runner.RunnerTest" time="0.055"/>
  <testcase name="runScenario" classname="com.cucumbertest.runner.RunnerTest" time="0.069"/>
  <testcase name="runScenario" classname="com.cucumbertest.runner.RunnerTest" time="0.069"/>
  <testcase name="runScenario" classname="com.cucumbertest.runner.RunnerTest" time="0.01"/>
  <testcase name="runScenario" classname="com.cucumbertest.runner.RunnerTest" time="0.783">
    <failure type="java.lang.NullPointerException">java.lang.NullPointerException
</failure>
    <system-out><![CDATA[
Scenario: Verify redirection on Quick Join Meeting  page     &amp#27;[90m# src/test/resources/Features/Homepage.feature:3&amp#27;[0m
  &amp#27;[31mWhen &amp#27;[0m&amp#27;[31mUser click on Join Meeting from homepage&amp#27;[0m              &amp#27;[90m# com.resonance.stepdefinitions.HomePageSteps.clickOnJoinMeeting()&amp#27;[0m
      &amp#27;[31mjava.lang.NullPointerException
	at org.openqa.selenium.support.pagefactory.DefaultElementLocator.findElement(DefaultElementLocator.java:70)
	at org.openqa.selenium.support.pagefactory.internal.LocatingElementHandler.invoke(LocatingElementHandler.java:39)
	at com.sun.proxy.$Proxy17.click(Unknown Source)
	at com.resonance.pages.HomePage.clickOnJoinMeeting(HomePage.java:21)
	at com.resonance.stepdefinitions.HomePageSteps.clickOnJoinMeeting(HomePageSteps.java:16)
	at ?.User click on Join Meeting from homepage(file:///C:/Program%20Files/eclipse-%20workspace/Resonance/src/test/resources/Features/Homepage.feature:4)
&amp#27;[0m
  &amp#27;[36mThen &amp#27;[0m&amp#27;[36mVerify that user redirects on Quick Join Meeting page&amp#27;[0m &amp#27;[90m# com.resonance.stepdefinitions.HomePageSteps.verify_that_user_redirects_on_quick_join_meeting_page()&amp#27;[0m
]]></system-out>
  </testcase>
  <testcase name="runScenario" classname="com.cucumbertest.runner.RunnerTest" time="0.023">
    <failure type="java.lang.NullPointerException">java.lang.NullPointerException
</failure>
    <system-out><![CDATA[
Scenario: Verify title of IJMeet home page          &amp#27;[90m# src/test/resources/Features/Homepage.feature:7&amp#27;[0m
  &amp#27;[31mThen &amp#27;[0m&amp#27;[31mVerify title of ijmeet home page is &amp#27;[0m&amp#27;[31m&amp#27;[1m"IJmeet"&amp#27;[0m &amp#27;[90m# com.resonance.stepdefinitions.HomePageSteps.verifyTitle(java.lang.String)&amp#27;[0m
      &amp#27;[31mjava.lang.NullPointerException
	at com.resonance.pages.HomePage.getTitle(HomePage.java:36)
	at com.resonance.stepdefinitions.HomePageSteps.verifyTitle(HomePageSteps.java:30)
	at ?.Verify title of ijmeet home page is "IJmeet"(file:///C:/Program%20Files/eclipse-%20workspace/Resonance/src/test/resources/Features/Homepage.feature:8)
&amp#27;[0m
]]></system-out>
  </testcase>
  <testcase name="runScenario" classname="com.cucumbertest.runner.RunnerTest" time="0.201">
    <failure message="The step &apos;I have 7 and 5&apos; is undefined.&#10;You can implement this step using the snippet(s) below:&#10;&#10;@Given(&quot;I have {int} and {int}&quot;)&#10;public void i_have_and(Integer int1, Integer int2) {&#10;    // Write code here that turns the phrase above into concrete actions&#10;    throw new io.cucumber.java.PendingException();&#10;}&#10;" type="io.cucumber.testng.UndefinedStepException">io.cucumber.testng.UndefinedStepException: 
The step 'I have 7 and 5' is undefined.
You can implement this step using the snippet(s) below:

@Given("I have {int} and {int}")
public void i_have_and(Integer int1, Integer int2) {
    // Write code here that turns the phrase above into concrete actions
    throw new io.cucumber.java.PendingException();
}

</failure>
    <system-out><![CDATA[
Scenario: Passing numbers as parameter &amp#27;[90m# src/test/resources/Features/Parameterization.feature:3&amp#27;[0m
  &amp#27;[33mGiven &amp#27;[0m&amp#27;[33mI have 7 and 5&amp#27;[0m                 &amp#27;[90m# null&amp#27;[0m
  &amp#27;[36mWhen &amp#27;[0m&amp#27;[36mI add them&amp#27;[0m                      &amp#27;[90m# com.resonance.stepdefinitions.Parameterization.addNumbers()&amp#27;[0m
  &amp#27;[36mThen &amp#27;[0m&amp#27;[36mVerify that addition is even&amp#27;[0m    &amp#27;[90m# com.resonance.stepdefinitions.Parameterization.isAdditionEven()&amp#27;[0m
]]></system-out>
  </testcase>
  <testcase name="runScenario" classname="com.cucumbertest.runner.RunnerTest" time="0.041"/>
  <testcase name="runScenario" classname="com.cucumbertest.runner.RunnerTest" time="0.002"/>
  <testcase name="verifyClickOnjoinMeeting" classname="com.resonance.homepage.HomePageTests" time="0.001">
    <failure type="java.lang.NullPointerException">java.lang.NullPointerException
	at com.resonance.homepage.HomePageTests.verifyClickOnjoinMeeting(HomePageTests.java:17)
</failure>
    <system-err><![CDATA[&amp#27;[32m&amp#27;[1m?????????????????????????????????????????????????????????????????????????????????????&amp#27;[0m
&amp#27;[32m&amp#27;[1m?&amp#27;[0m Share your Cucumber Report with your team at &amp#27;[36m&amp#27;[1m&amp#27;[4mhttps://reports.cucumber.io&amp#27;[0m          &amp#27;[32m&amp#27;[1m?&amp#27;[0m
&amp#27;[32m&amp#27;[1m?&amp#27;[0m Activate publishing with one of the following:                                    &amp#27;[32m&amp#27;[1m?&amp#27;[0m
&amp#27;[32m&amp#27;[1m?&amp#27;[0m                                                                                   &amp#27;[32m&amp#27;[1m?&amp#27;[0m
&amp#27;[32m&amp#27;[1m?&amp#27;[0m src/test/resources/cucumber.properties:          &amp#27;[36mcucumber.publish.enabled&amp#27;[0m=&amp#27;[36mtrue&amp#27;[0m    &amp#27;[32m&amp#27;[1m?&amp#27;[0m
&amp#27;[32m&amp#27;[1m?&amp#27;[0m src/test/resources/junit-platform.properties:    &amp#27;[36mcucumber.publish.enabled&amp#27;[0m=&amp#27;[36mtrue&amp#27;[0m    &amp#27;[32m&amp#27;[1m?&amp#27;[0m
&amp#27;[32m&amp#27;[1m?&amp#27;[0m Environment variable:                            &amp#27;[36mCUCUMBER_PUBLISH_ENABLED&amp#27;[0m=&amp#27;[36mtrue&amp#27;[0m    &amp#27;[32m&amp#27;[1m?&amp#27;[0m
&amp#27;[32m&amp#27;[1m?&amp#27;[0m JUnit:                                           &amp#27;[36m@CucumberOptions&amp#27;[0m(publish = &amp#27;[36mtrue&amp#27;[0m) &amp#27;[32m&amp#27;[1m?&amp#27;[0m
&amp#27;[32m&amp#27;[1m?&amp#27;[0m                                                                                   &amp#27;[32m&amp#27;[1m?&amp#27;[0m
&amp#27;[32m&amp#27;[1m?&amp#27;[0m More information at &amp#27;[36mhttps://cucumber.io/docs/cucumber/environment-variables/&amp#27;[0m      &amp#27;[32m&amp#27;[1m?&amp#27;[0m
&amp#27;[32m&amp#27;[1m?&amp#27;[0m                                                                                   &amp#27;[32m&amp#27;[1m?&amp#27;[0m
&amp#27;[32m&amp#27;[1m?&amp#27;[0m Disable this message with one of the following:                                   &amp#27;[32m&amp#27;[1m?&amp#27;[0m
&amp#27;[32m&amp#27;[1m?&amp#27;[0m                                                                                   &amp#27;[32m&amp#27;[1m?&amp#27;[0m
&amp#27;[32m&amp#27;[1m?&amp#27;[0m src/test/resources/cucumber.properties:          &amp#27;[36mcucumber.publish.quiet&amp#27;[0m=&amp#27;[36mtrue&amp#27;[0m      &amp#27;[32m&amp#27;[1m?&amp#27;[0m
&amp#27;[32m&amp#27;[1m?&amp#27;[0m src/test/resources/junit-platform.properties:    &amp#27;[36mcucumber.publish.quiet&amp#27;[0m=&amp#27;[36mtrue&amp#27;[0m      &amp#27;[32m&amp#27;[1m?&amp#27;[0m
&amp#27;[32m&amp#27;[1m?????????????????????????????????????????????????????????????????????????????????????&amp#27;[0m
]]></system-err>
  </testcase>
</testsuite>