<?xml version="1.0" encoding="UTF-8"?>
<testng-results skipped="0" failed="4" ignored="0" total="12" passed="8">
  <reporter-output>
  </reporter-output>
  <suite name="Surefire suite" duration-ms="7293" started-at="2022-03-15T21:50:29 IST" finished-at="2022-03-15T21:50:36 IST">
    <groups>
      <group name="cucumber">
        <method signature="AbstractTestNGCucumberTests.runScenario(io.cucumber.testng.PickleWrapper,io.cucumber.testng.FeatureWrapper)[pri:0, instance:com.cucumbertest.runner.RunnerTest@476aac9]" name="runScenario" class="io.cucumber.testng.AbstractTestNGCucumberTests"/>
      </group> <!-- cucumber -->
    </groups>
    <test name="Surefire test" duration-ms="7293" started-at="2022-03-15T21:50:29 IST" finished-at="2022-03-15T21:50:36 IST">
      <class name="com.cucumbertest.runner.RunnerTest">
        <test-method status="PASS" signature="setUpClass()[pri:0, instance:com.cucumbertest.runner.RunnerTest@476aac9]" name="setUpClass" is-config="true" duration-ms="2017" started-at="2022-03-15T21:50:29 IST" finished-at="2022-03-15T21:50:31 IST">
          <reporter-output>
          </reporter-output>
        </test-method> <!-- setUpClass -->
        <test-method status="PASS" signature="runScenario(io.cucumber.testng.PickleWrapper,io.cucumber.testng.FeatureWrapper)[pri:0, instance:com.cucumbertest.runner.RunnerTest@476aac9]" name="runScenario" duration-ms="3229" started-at="2022-03-15T21:50:31 IST" description="Runs Cucumber Scenarios" data-provider="scenarios" finished-at="2022-03-15T21:50:34 IST">
          <params>
            <param index="0">
              <value>
                <![CDATA["Sample Data Driven test case"]]>
              </value>
            </param>
            <param index="1">
              <value>
                <![CDATA["Optional[Study Data Driven Testing using Scenario Outline]"]]>
              </value>
            </param>
          </params>
          <reporter-output>
          </reporter-output>
        </test-method> <!-- runScenario -->
        <test-method status="PASS" signature="runScenario(io.cucumber.testng.PickleWrapper,io.cucumber.testng.FeatureWrapper)[pri:0, instance:com.cucumbertest.runner.RunnerTest@476aac9]" name="runScenario" duration-ms="173" started-at="2022-03-15T21:50:34 IST" description="Runs Cucumber Scenarios" data-provider="scenarios" finished-at="2022-03-15T21:50:35 IST">
          <params>
            <param index="0">
              <value>
                <![CDATA["Sample Data Driven test case"]]>
              </value>
            </param>
            <param index="1">
              <value>
                <![CDATA["Optional[Study Data Driven Testing using Scenario Outline]"]]>
              </value>
            </param>
          </params>
          <reporter-output>
          </reporter-output>
        </test-method> <!-- runScenario -->
        <test-method status="PASS" signature="runScenario(io.cucumber.testng.PickleWrapper,io.cucumber.testng.FeatureWrapper)[pri:0, instance:com.cucumbertest.runner.RunnerTest@476aac9]" name="runScenario" duration-ms="136" started-at="2022-03-15T21:50:35 IST" description="Runs Cucumber Scenarios" data-provider="scenarios" finished-at="2022-03-15T21:50:35 IST">
          <params>
            <param index="0">
              <value>
                <![CDATA["Sample Data Driven test case"]]>
              </value>
            </param>
            <param index="1">
              <value>
                <![CDATA["Optional[Study Data Driven Testing using Scenario Outline]"]]>
              </value>
            </param>
          </params>
          <reporter-output>
          </reporter-output>
        </test-method> <!-- runScenario -->
        <test-method status="PASS" signature="runScenario(io.cucumber.testng.PickleWrapper,io.cucumber.testng.FeatureWrapper)[pri:0, instance:com.cucumbertest.runner.RunnerTest@476aac9]" name="runScenario" duration-ms="68" started-at="2022-03-15T21:50:35 IST" description="Runs Cucumber Scenarios" data-provider="scenarios" finished-at="2022-03-15T21:50:35 IST">
          <params>
            <param index="0">
              <value>
                <![CDATA["Sample Data Driven test case"]]>
              </value>
            </param>
            <param index="1">
              <value>
                <![CDATA["Optional[Study Data Driven Testing using Scenario Outline]"]]>
              </value>
            </param>
          </params>
          <reporter-output>
          </reporter-output>
        </test-method> <!-- runScenario -->
        <test-method status="PASS" signature="runScenario(io.cucumber.testng.PickleWrapper,io.cucumber.testng.FeatureWrapper)[pri:0, instance:com.cucumbertest.runner.RunnerTest@476aac9]" name="runScenario" duration-ms="68" started-at="2022-03-15T21:50:35 IST" description="Runs Cucumber Scenarios" data-provider="scenarios" finished-at="2022-03-15T21:50:35 IST">
          <params>
            <param index="0">
              <value>
                <![CDATA["Sample Data Driven test case"]]>
              </value>
            </param>
            <param index="1">
              <value>
                <![CDATA["Optional[Study Data Driven Testing using Scenario Outline]"]]>
              </value>
            </param>
          </params>
          <reporter-output>
          </reporter-output>
        </test-method> <!-- runScenario -->
        <test-method status="PASS" signature="runScenario(io.cucumber.testng.PickleWrapper,io.cucumber.testng.FeatureWrapper)[pri:0, instance:com.cucumbertest.runner.RunnerTest@476aac9]" name="runScenario" duration-ms="13" started-at="2022-03-15T21:50:35 IST" description="Runs Cucumber Scenarios" data-provider="scenarios" finished-at="2022-03-15T21:50:35 IST">
          <params>
            <param index="0">
              <value>
                <![CDATA["First Scenario"]]>
              </value>
            </param>
            <param index="1">
              <value>
                <![CDATA["Optional[This is my first feature]"]]>
              </value>
            </param>
          </params>
          <reporter-output>
          </reporter-output>
        </test-method> <!-- runScenario -->
        <test-method status="FAIL" signature="runScenario(io.cucumber.testng.PickleWrapper,io.cucumber.testng.FeatureWrapper)[pri:0, instance:com.cucumbertest.runner.RunnerTest@476aac9]" name="runScenario" duration-ms="754" started-at="2022-03-15T21:50:35 IST" description="Runs Cucumber Scenarios" data-provider="scenarios" finished-at="2022-03-15T21:50:36 IST">
          <params>
            <param index="0">
              <value>
                <![CDATA["Verify redirection on Quick Join Meeting  page"]]>
              </value>
            </param>
            <param index="1">
              <value>
                <![CDATA["Optional[This feature verifies all functionalities of IJMeet home page]"]]>
              </value>
            </param>
          </params>
          <exception class="java.lang.NullPointerException">
            <full-stacktrace>
              <![CDATA[java.lang.NullPointerException
at org.openqa.selenium.support.pagefactory.DefaultElementLocator.findElement(DefaultElementLocator.java:70)
at org.openqa.selenium.support.pagefactory.internal.LocatingElementHandler.invoke(LocatingElementHandler.java:39)
at com.sun.proxy.$Proxy17.click(Unknown Source)
at com.resonance.pages.HomePage.clickOnJoinMeeting(HomePage.java:21)
at com.resonance.stepdefinitions.HomePageSteps.clickOnJoinMeeting(HomePageSteps.java:16)
at ✽.User click on Join Meeting from homepage(file:///C:/Program%20Files/eclipse-%20workspace/Resonance/src/test/resources/Features/Homepage.feature:4)
]]>
            </full-stacktrace>
          </exception> <!-- java.lang.NullPointerException -->
          <reporter-output>
          </reporter-output>
        </test-method> <!-- runScenario -->
        <test-method status="FAIL" signature="runScenario(io.cucumber.testng.PickleWrapper,io.cucumber.testng.FeatureWrapper)[pri:0, instance:com.cucumbertest.runner.RunnerTest@476aac9]" name="runScenario" duration-ms="32" started-at="2022-03-15T21:50:36 IST" description="Runs Cucumber Scenarios" data-provider="scenarios" finished-at="2022-03-15T21:50:36 IST">
          <params>
            <param index="0">
              <value>
                <![CDATA["Verify title of IJMeet home page"]]>
              </value>
            </param>
            <param index="1">
              <value>
                <![CDATA["Optional[This feature verifies all functionalities of IJMeet home page]"]]>
              </value>
            </param>
          </params>
          <exception class="java.lang.NullPointerException">
            <full-stacktrace>
              <![CDATA[java.lang.NullPointerException
at com.resonance.pages.HomePage.getTitle(HomePage.java:36)
at com.resonance.stepdefinitions.HomePageSteps.verifyTitle(HomePageSteps.java:30)
at ✽.Verify title of ijmeet home page is "IJmeet"(file:///C:/Program%20Files/eclipse-%20workspace/Resonance/src/test/resources/Features/Homepage.feature:8)
]]>
            </full-stacktrace>
          </exception> <!-- java.lang.NullPointerException -->
          <reporter-output>
          </reporter-output>
        </test-method> <!-- runScenario -->
        <test-method status="FAIL" signature="runScenario(io.cucumber.testng.PickleWrapper,io.cucumber.testng.FeatureWrapper)[pri:0, instance:com.cucumbertest.runner.RunnerTest@476aac9]" name="runScenario" duration-ms="85" started-at="2022-03-15T21:50:36 IST" description="Runs Cucumber Scenarios" data-provider="scenarios" finished-at="2022-03-15T21:50:36 IST">
          <params>
            <param index="0">
              <value>
                <![CDATA["Passing numbers as parameter"]]>
              </value>
            </param>
            <param index="1">
              <value>
                <![CDATA["Optional[Verify how parameterization in cucumber works]"]]>
              </value>
            </param>
          </params>
          <exception class="io.cucumber.testng.UndefinedStepException">
            <message>
              <![CDATA[The step 'I have 7 and 5' is undefined.
You can implement this step using the snippet(s) below:

@Given("I have {int} and {int}")
public void i_have_and(Integer int1, Integer int2) {
    // Write code here that turns the phrase above into concrete actions
    throw new io.cucumber.java.PendingException();
}
]]>
            </message>
            <full-stacktrace>
              <![CDATA[io.cucumber.testng.UndefinedStepException: The step 'I have 7 and 5' is undefined.
You can implement this step using the snippet(s) below:

@Given("I have {int} and {int}")
public void i_have_and(Integer int1, Integer int2) {
    // Write code here that turns the phrase above into concrete actions
    throw new io.cucumber.java.PendingException();
}

at io.cucumber.core.runtime.TestCaseResultObserver.assertTestCasePassed(TestCaseResultObserver.java:69)
at io.cucumber.testng.TestCaseResultObserver.assertTestCasePassed(TestCaseResultObserver.java:23)
at io.cucumber.testng.TestNGCucumberRunner.lambda$runScenario$1(TestNGCucumberRunner.java:135)
at io.cucumber.core.runtime.CucumberExecutionContext.runTestCase(CucumberExecutionContext.java:117)
at io.cucumber.testng.TestNGCucumberRunner.runScenario(TestNGCucumberRunner.java:131)
at io.cucumber.testng.AbstractTestNGCucumberTests.runScenario(AbstractTestNGCucumberTests.java:31)
at sun.reflect.NativeMethodAccessorImpl.invoke0(Native Method)
at sun.reflect.NativeMethodAccessorImpl.invoke(NativeMethodAccessorImpl.java:62)
at sun.reflect.DelegatingMethodAccessorImpl.invoke(DelegatingMethodAccessorImpl.java:43)
at java.lang.reflect.Method.invoke(Method.java:498)
at org.testng.internal.MethodInvocationHelper.invokeMethod(MethodInvocationHelper.java:133)
at org.testng.internal.TestInvoker.invokeMethod(TestInvoker.java:598)
at org.testng.internal.TestInvoker.invokeTestMethod(TestInvoker.java:173)
at org.testng.internal.MethodRunner.runInSequence(MethodRunner.java:46)
at org.testng.internal.TestInvoker$MethodInvocationAgent.invoke(TestInvoker.java:824)
at org.testng.internal.TestInvoker.invokeTestMethods(TestInvoker.java:146)
at org.testng.internal.TestMethodWorker.invokeTestMethods(TestMethodWorker.java:146)
at org.testng.internal.TestMethodWorker.run(TestMethodWorker.java:128)
at java.util.ArrayList.forEach(ArrayList.java:1259)
at org.testng.TestRunner.privateRun(TestRunner.java:794)
at org.testng.TestRunner.run(TestRunner.java:596)
at org.testng.SuiteRunner.runTest(SuiteRunner.java:377)
at org.testng.SuiteRunner.runSequentially(SuiteRunner.java:371)
at org.testng.SuiteRunner.privateRun(SuiteRunner.java:332)
at org.testng.SuiteRunner.run(SuiteRunner.java:276)
at org.testng.SuiteRunnerWorker.runSuite(SuiteRunnerWorker.java:53)
at org.testng.SuiteRunnerWorker.run(SuiteRunnerWorker.java:96)
at org.testng.TestNG.runSuitesSequentially(TestNG.java:1212)
at org.testng.TestNG.runSuitesLocally(TestNG.java:1134)
at org.testng.TestNG.runSuites(TestNG.java:1063)
at org.testng.TestNG.run(TestNG.java:1031)
at org.apache.maven.surefire.testng.TestNGExecutor.run(TestNGExecutor.java:135)
at org.apache.maven.surefire.testng.TestNGDirectoryTestSuite.executeMulti(TestNGDirectoryTestSuite.java:193)
at org.apache.maven.surefire.testng.TestNGDirectoryTestSuite.execute(TestNGDirectoryTestSuite.java:94)
at org.apache.maven.surefire.testng.TestNGProvider.invoke(TestNGProvider.java:146)
at org.apache.maven.surefire.booter.ForkedBooter.invokeProviderInSameClassLoader(ForkedBooter.java:384)
at org.apache.maven.surefire.booter.ForkedBooter.runSuitesInProcess(ForkedBooter.java:345)
at org.apache.maven.surefire.booter.ForkedBooter.execute(ForkedBooter.java:126)
at org.apache.maven.surefire.booter.ForkedBooter.main(ForkedBooter.java:418)
]]>
            </full-stacktrace>
          </exception> <!-- io.cucumber.testng.UndefinedStepException -->
          <reporter-output>
          </reporter-output>
        </test-method> <!-- runScenario -->
        <test-method status="PASS" signature="runScenario(io.cucumber.testng.PickleWrapper,io.cucumber.testng.FeatureWrapper)[pri:0, instance:com.cucumbertest.runner.RunnerTest@476aac9]" name="runScenario" duration-ms="30" started-at="2022-03-15T21:50:36 IST" description="Runs Cucumber Scenarios" data-provider="scenarios" finished-at="2022-03-15T21:50:36 IST">
          <params>
            <param index="0">
              <value>
                <![CDATA["Passing string as parameter"]]>
              </value>
            </param>
            <param index="1">
              <value>
                <![CDATA["Optional[Verify how parameterization in cucumber works]"]]>
              </value>
            </param>
          </params>
          <reporter-output>
          </reporter-output>
        </test-method> <!-- runScenario -->
        <test-method status="PASS" signature="runScenario(io.cucumber.testng.PickleWrapper,io.cucumber.testng.FeatureWrapper)[pri:0, instance:com.cucumbertest.runner.RunnerTest@476aac9]" name="runScenario" duration-ms="61" started-at="2022-03-15T21:50:36 IST" description="Runs Cucumber Scenarios" data-provider="scenarios" finished-at="2022-03-15T21:50:36 IST">
          <params>
            <param index="0">
              <value>
                <![CDATA["Passing list as parameter"]]>
              </value>
            </param>
            <param index="1">
              <value>
                <![CDATA["Optional[Verify how parameterization in cucumber works]"]]>
              </value>
            </param>
          </params>
          <reporter-output>
          </reporter-output>
        </test-method> <!-- runScenario -->
        <test-method status="PASS" signature="tearDownClass()[pri:0, instance:com.cucumbertest.runner.RunnerTest@476aac9]" name="tearDownClass" is-config="true" duration-ms="26" started-at="2022-03-15T21:50:36 IST" finished-at="2022-03-15T21:50:36 IST">
          <reporter-output>
          </reporter-output>
        </test-method> <!-- tearDownClass -->
      </class> <!-- com.cucumbertest.runner.RunnerTest -->
      <class name="com.resonance.homepage.HomePageTests">
        <test-method status="FAIL" signature="verifyClickOnjoinMeeting()[pri:0, instance:com.resonance.homepage.HomePageTests@4efcf8a]" name="verifyClickOnjoinMeeting" duration-ms="7" started-at="2022-03-15T21:50:36 IST" finished-at="2022-03-15T21:50:36 IST">
          <exception class="java.lang.NullPointerException">
            <full-stacktrace>
              <![CDATA[java.lang.NullPointerException
at org.openqa.selenium.support.pagefactory.DefaultElementLocator.findElement(DefaultElementLocator.java:70)
at org.openqa.selenium.support.pagefactory.internal.LocatingElementHandler.invoke(LocatingElementHandler.java:39)
at com.sun.proxy.$Proxy17.click(Unknown Source)
at com.resonance.pages.HomePage.clickOnJoinMeeting(HomePage.java:21)
at com.resonance.homepage.HomePageTests.verifyClickOnjoinMeeting(HomePageTests.java:17)
at sun.reflect.NativeMethodAccessorImpl.invoke0(Native Method)
at sun.reflect.NativeMethodAccessorImpl.invoke(NativeMethodAccessorImpl.java:62)
at sun.reflect.DelegatingMethodAccessorImpl.invoke(DelegatingMethodAccessorImpl.java:43)
at java.lang.reflect.Method.invoke(Method.java:498)
at org.testng.internal.MethodInvocationHelper.invokeMethod(MethodInvocationHelper.java:133)
at org.testng.internal.TestInvoker.invokeMethod(TestInvoker.java:598)
at org.testng.internal.TestInvoker.invokeTestMethod(TestInvoker.java:173)
at org.testng.internal.MethodRunner.runInSequence(MethodRunner.java:46)
at org.testng.internal.TestInvoker$MethodInvocationAgent.invoke(TestInvoker.java:824)
at org.testng.internal.TestInvoker.invokeTestMethods(TestInvoker.java:146)
at org.testng.internal.TestMethodWorker.invokeTestMethods(TestMethodWorker.java:146)
at org.testng.internal.TestMethodWorker.run(TestMethodWorker.java:128)
at java.util.ArrayList.forEach(ArrayList.java:1259)
at org.testng.TestRunner.privateRun(TestRunner.java:794)
at org.testng.TestRunner.run(TestRunner.java:596)
at org.testng.SuiteRunner.runTest(SuiteRunner.java:377)
at org.testng.SuiteRunner.runSequentially(SuiteRunner.java:371)
at org.testng.SuiteRunner.privateRun(SuiteRunner.java:332)
at org.testng.SuiteRunner.run(SuiteRunner.java:276)
at org.testng.SuiteRunnerWorker.runSuite(SuiteRunnerWorker.java:53)
at org.testng.SuiteRunnerWorker.run(SuiteRunnerWorker.java:96)
at org.testng.TestNG.runSuitesSequentially(TestNG.java:1212)
at org.testng.TestNG.runSuitesLocally(TestNG.java:1134)
at org.testng.TestNG.runSuites(TestNG.java:1063)
at org.testng.TestNG.run(TestNG.java:1031)
at org.apache.maven.surefire.testng.TestNGExecutor.run(TestNGExecutor.java:135)
at org.apache.maven.surefire.testng.TestNGDirectoryTestSuite.executeMulti(TestNGDirectoryTestSuite.java:193)
at org.apache.maven.surefire.testng.TestNGDirectoryTestSuite.execute(TestNGDirectoryTestSuite.java:94)
at org.apache.maven.surefire.testng.TestNGProvider.invoke(TestNGProvider.java:146)
at org.apache.maven.surefire.booter.ForkedBooter.invokeProviderInSameClassLoader(ForkedBooter.java:384)
at org.apache.maven.surefire.booter.ForkedBooter.runSuitesInProcess(ForkedBooter.java:345)
at org.apache.maven.surefire.booter.ForkedBooter.execute(ForkedBooter.java:126)
at org.apache.maven.surefire.booter.ForkedBooter.main(ForkedBooter.java:418)
]]>
            </full-stacktrace>
          </exception> <!-- java.lang.NullPointerException -->
          <reporter-output>
          </reporter-output>
        </test-method> <!-- verifyClickOnjoinMeeting -->
      </class> <!-- com.resonance.homepage.HomePageTests -->
    </test> <!-- Surefire test -->
  </suite> <!-- Surefire suite -->
</testng-results>
